Flutter-SampleApp/build/app/outputs/mapping/release/seeds.txt
com.enablex.fluttersampleapp.MainActivity
com.enablex.fluttersampleapp.MainActivity: MainActivity()
...
androidx.appcompat.view.menu.ExpandedMenuView: ExpandedMenuView(android.content.Context,android.util.AttributeSet,int)
com.google.android.material.R$attr: int trackTintMode
com.google.android.material.chip.Chip: void setShowMotionSpecResource(int)
androidx.appcompat.R$dimen: int abc_button_padding_vertical_material
com.google.android.material.R$styleable: int SwitchCompat_thumbTintMode
okhttp3.TlsVersion: okhttp3.TlsVersion valueOf(java.lang.String)
com.enablex.enx_rtc_android.R$layout: int abc_action_mode_bar
com.google.android.material.R$attr: int paddingEnd
com.enablex.enx_rtc_android.R$layout: int abc_action_menu_layout
androidx.appcompat.R$dimen: int abc_action_bar_subtitle_bottom_margin_material
androidx.appcompat.R$styleable: int TextAppearance_android_typeface
com.google.android.material.R$attr: int textStartPadding
com.google.android.material.R$drawable: int notification_template_icon_low_bg
com.google.android.material.R$layout: int abc_screen_content_include
androidx.appcompat.widget.AppCompatAutoCompleteTextView: AppCompatAutoCompleteTextView(android.content.Context,android.util.AttributeSet)
com.google.android.material.R$styleable: int MaterialAlertDialogTheme_materialAlertDialogTitlePanelStyle
com.google.android.material.R$string: int abc_menu_function_shortcut_label
androidx.core.R$attr: int fontProviderCerts
androidx.appcompat.R$id: int search_badge
androidx.recyclerview.widget.RecyclerView: android.graphics.Rect mTempRect2
androidx.appcompat.R$style: int RtlUnderlay_Widget_AppCompat_ActionButton
androidx.appcompat.R$styleable: int ActionBar_contentInsetRight
androidx.appcompat.resources.R$drawable: int notification_bg_normal_pressed
androidx.appcompat.R$style: int AlertDialog_AppCompat_Light
androidx.appcompat.widget.AppCompatTextView: void setAutoSizeTextTypeWithDefaults(int)
com.google.android.material.R$styleable: int MenuItem_android_menuCategory
androidx.appcompat.widget.LinearLayoutCompat: LinearLayoutCompat(android.content.Context,android.util.AttributeSet,int)
androidx.appcompat.R$string: int abc_searchview_description_voice
androidx.appcompat.R$style: int Base_TextAppearance_AppCompat_Widget_Switch
com.google.android.material.R$style: int TextAppearance_AppCompat_Widget_Switch
com.google.android.material.R$styleable: int TextAppearance_textLocale
androidx.appcompat.widget.ActionBarContainer: void setPrimaryBackground(android.graphics.drawable.Drawable)
androidx.appcompat.widget.ViewStubCompat: int getInflatedId()
androidx.appcompat.R$styleable: int AnimatedStateListDrawableTransition_android_reversible
androidx.appcompat.widget.AppCompatSpinner: java.lang.CharSequence getPrompt()
com.google.android.material.R$style: int Base_Theme_MaterialComponents_Dialog
androidx.vectordrawable.graphics.drawable.VectorDrawableCompat$VPathRenderer
com.google.android.material.R$style: int Widget_Support_CoordinatorLayout
androidx.appcompat.R$attr: int toolbarStyle
com.google.android.material.R$id: int search_go_btn
com.google.android.material.R$styleable: int AppBarLayout_expanded
androidx.appcompat.R$layout: int support_simple_spinner_dropdown_item
com.enablex.enx_rtc_android.R$drawable: int design_password_eye
com.google.android.material.floatingactionbutton.FloatingActionButton: void setSize(int)
androidx.appcompat.widget.ContentFrameLayout: android.util.TypedValue getFixedWidthMajor()
com.google.android.material.chip.ChipGroup: void setShowDividerHorizontal(int)
io.flutter.embedding.engine.FlutterOverlaySurface: android.view.Surface getSurface()
androidx.appcompat.R$attr: int switchTextAppearance
com.enablex.enx_rtc_android.R$color: int abc_secondary_text_material_light
com.google.android.material.card.MaterialCardView: void setCheckable(boolean)
com.google.android.material.R$attr: int hoveredFocusedTranslationZ
com.google.android.material.R$dimen: int abc_dialog_padding_top_material
androidx.appcompat.R$drawable: int abc_list_divider_mtrl_alpha
com.enablex.enx_rtc_android.R$layout: int notification_template_media