Flutter-SampleApp/build/app/outputs/mapping/release/mapping.txt
# compiler: R8
# compiler_version: 1.6.82
# min_api: 24
# pg_map_id: 3856071
# common_typos_disable
...
io.flutter.view.AccessibilityBridge$1 -> io.flutter.view.c$a:
    io.flutter.view.AccessibilityBridge this$0 -> a
    void onLongPress(int) -> a
    void onTooltip(java.lang.String) -> a
    void updateCustomAccessibilityActions(java.nio.ByteBuffer,java.lang.String[]) -> a
    void announce(java.lang.String) -> b
    void onTap(int) -> b
    void updateSemantics(java.nio.ByteBuffer,java.lang.String[]) -> b
io.flutter.view.AccessibilityBridge$2 -> io.flutter.view.c$b:
    io.flutter.view.AccessibilityBridge this$0 -> a
io.flutter.view.AccessibilityBridge$3 -> io.flutter.view.c$c:
    io.flutter.view.AccessibilityBridge this$0 -> a
io.flutter.view.AccessibilityBridge$4 -> io.flutter.view.c$d:
    android.view.accessibility.AccessibilityManager val$accessibilityManager -> a
    io.flutter.view.AccessibilityBridge this$0 -> b
io.flutter.view.AccessibilityBridge$AccessibilityFeature -> io.flutter.view.c$e:
    io.flutter.view.AccessibilityBridge$AccessibilityFeature DISABLE_ANIMATIONS -> e
    int value -> b
    io.flutter.view.AccessibilityBridge$AccessibilityFeature ACCESSIBLE_NAVIGATION -> c
    io.flutter.view.AccessibilityBridge$AccessibilityFeature[] $VALUES -> f
    io.flutter.view.AccessibilityBridge$AccessibilityFeature INVERT_COLORS -> d
io.flutter.view.AccessibilityBridge$Action -> io.flutter.view.c$f:
    io.flutter.view.AccessibilityBridge$Action MOVE_CURSOR_FORWARD_BY_WORD -> v
    io.flutter.view.AccessibilityBridge$Action DISMISS -> u
    io.flutter.view.AccessibilityBridge$Action CUSTOM_ACTION -> t
    io.flutter.view.AccessibilityBridge$Action DID_LOSE_ACCESSIBILITY_FOCUS -> s
    io.flutter.view.AccessibilityBridge$Action MOVE_CURSOR_BACKWARD_BY_WORD -> w
    int value -> b
    io.flutter.view.AccessibilityBridge$Action SCROLL_RIGHT -> f
    io.flutter.view.AccessibilityBridge$Action SCROLL_LEFT -> e
    io.flutter.view.AccessibilityBridge$Action LONG_PRESS -> d
    io.flutter.view.AccessibilityBridge$Action TAP -> c
    io.flutter.view.AccessibilityBridge$Action DECREASE -> j
    io.flutter.view.AccessibilityBridge$Action INCREASE -> i
    io.flutter.view.AccessibilityBridge$Action SCROLL_DOWN -> h
    io.flutter.view.AccessibilityBridge$Action SCROLL_UP -> g
    io.flutter.view.AccessibilityBridge$Action SET_SELECTION -> n
    io.flutter.view.AccessibilityBridge$Action MOVE_CURSOR_BACKWARD_BY_CHARACTER -> m
    io.flutter.view.AccessibilityBridge$Action MOVE_CURSOR_FORWARD_BY_CHARACTER -> l
    io.flutter.view.AccessibilityBridge$Action SHOW_ON_SCREEN -> k
    io.flutter.view.AccessibilityBridge$Action DID_GAIN_ACCESSIBILITY_FOCUS -> r
    io.flutter.view.AccessibilityBridge$Action PASTE -> q
    io.flutter.view.AccessibilityBridge$Action CUT -> p
io.flutter.view.AccessibilityBridge$CustomAccessibilityAction -> io.flutter.view.c$g:
    int id -> b
    int overrideId -> c
    java.lang.String hint -> e
    int resourceId -> a
    java.lang.String label -> d
    java.lang.String access$2800(io.flutter.view.AccessibilityBridge$CustomAccessibilityAction) -> a
    java.lang.String access$2802(io.flutter.view.AccessibilityBridge$CustomAccessibilityAction,java.lang.String) -> a
    int access$3202(io.flutter.view.AccessibilityBridge$CustomAccessibilityAction,int) -> a
    int access$3200(io.flutter.view.AccessibilityBridge$CustomAccessibilityAction) -> b
    java.lang.String access$3302(io.flutter.view.AccessibilityBridge$CustomAccessibilityAction,java.lang.String) -> b
    int access$3702(io.flutter.view.AccessibilityBridge$CustomAccessibilityAction,int) -> b
    java.lang.String access$3300(io.flutter.view.AccessibilityBridge$CustomAccessibilityAction) -> c
    int access$3902(io.flutter.view.AccessibilityBridge$CustomAccessibilityAction,int) -> c
    int access$3700(io.flutter.view.AccessibilityBridge$CustomAccessibilityAction) -> d
    int access$3900(io.flutter.view.AccessibilityBridge$CustomAccessibilityAction) -> e