Flutter-SampleApp/build/app/outputs/mapping/release/usage.txt
com.enablex.fluttersampleapp.R$interpolator
com.enablex.fluttersampleapp.R$mipmap
com.enablex.fluttersampleapp.R$color
com.enablex.fluttersampleapp.R$integer
com.enablex.fluttersampleapp.R
com.enablex.fluttersampleapp.R$id
com.enablex.fluttersampleapp.R$plurals
com.enablex.fluttersampleapp.R$dimen
com.enablex.fluttersampleapp.R$styleable
com.enablex.fluttersampleapp.R$bool
com.enablex.fluttersampleapp.R$animator
com.enablex.fluttersampleapp.BuildConfig
com.enablex.fluttersampleapp.R$style
com.enablex.fluttersampleapp.R$xml
com.enablex.fluttersampleapp.R$attr
com.enablex.fluttersampleapp.R$drawable
com.enablex.fluttersampleapp.R$anim
com.enablex.fluttersampleapp.R$layout
com.enablex.fluttersampleapp.R$string
...
com.google.android.material.card.MaterialCardViewHelper:
    void setBackgroundOverwritten(boolean)
    void updateContentPadding()
    private static final int[] CHECKED_STATE_SET
    private static final double COS_45
enx_rtc_android.Controller.EnxPlayerView$2$1
com.enablex.vad.EnxVad$1$3
org.webrtc.JNILogging:
    private final org.webrtc.Loggable loggable
com.bumptech.glide.MemoryCategory:
    private final float multiplier
enx_rtc_android.Controller.EnxRoom$MyPcObserver:
    private enx_rtc_android.Controller.EnxStream mDesc
    private boolean isPublishing
    org.webrtc.PeerConnection peerConnection
    private boolean isStartCall
    final synthetic enx_rtc_android.Controller.EnxRoom this$0
com.google.android.material.transformation.FabTransformationBehavior$3:
    final synthetic com.google.android.material.transformation.FabTransformationBehavior this$0
org.webrtc.CameraCapturer$5
io.socket.client.Socket$7:
    final synthetic io.socket.client.Socket this$0
io.socket.engineio.client.transports.Polling$2:
    final synthetic io.socket.engineio.client.transports.Polling this$0
androidx.loader.app.LoaderManagerImpl$LoaderObserver:
    boolean hasDeliveredData()
    void reset()
    public void dump(java.lang.String,java.io.PrintWriter)
okhttp3.HttpUrl:
    private final java.util.List pathSegments
android.support.v4.os.ResultReceiver:
    final boolean mLocal
androidx.fragment.app.FragmentTransaction:
    boolean mAllowAddToBackStack
com.google.android.material.datepicker.SmoothCalendarLayoutManager$1:
    final synthetic com.google.android.material.datepicker.SmoothCalendarLayoutManager this$0
com.bumptech.glide.load.engine.executor.GlideExecutor$UncaughtThrowableStrategy:
    public static final com.bumptech.glide.load.engine.executor.GlideExecutor$UncaughtThrowableStrategy IGNORE
    public static final com.bumptech.glide.load.engine.executor.GlideExecutor$UncaughtThrowableStrategy THROW
androidx.appcompat.widget.AppCompatSpinner$DropdownPopup$1:
    final synthetic androidx.appcompat.widget.AppCompatSpinner val$this$0
io.flutter.embedding.engine.FlutterEngineConnectionRegistry$FlutterEngineActivityPluginBinding:
    private final io.flutter.embedding.engine.plugins.lifecycle.HiddenLifecycleReference hiddenLifecycleReference
io.socket.client.Manager$8:
    final synthetic io.socket.client.Manager this$0
org.webrtc.SurfaceEglRenderer:
    private void updateFrameDimensionsAndReportEvents(org.webrtc.VideoFrame)
    public void onFrame(org.webrtc.VideoFrame)
org.webrtc.Camera1Session
io.flutter.embedding.engine.FlutterEngineConnectionRegistry$DefaultFlutterAssets:
    final io.flutter.embedding.engine.loader.FlutterLoader flutterLoader
enx_rtc_android.Controller.EnxAnnotationFragment$ScreenSharingListener
okhttp3.internal.http2.Http2Stream$FramingSink:
    static final synthetic boolean $assertionsDisabled
org.webrtc.GlUtil:
    public static void checkNoGLES2Error(java.lang.String)
    public static int generateTexture(int)
org.webrtc.PeerConnectionFactory:
    public org.webrtc.VideoSource createVideoSource(boolean)
    public org.webrtc.VideoTrack createVideoTrack(java.lang.String,org.webrtc.VideoSource)
    public org.webrtc.AudioSource createAudioSource(org.webrtc.MediaConstraints)
    public org.webrtc.AudioTrack createAudioTrack(java.lang.String,org.webrtc.AudioSource)
androidx.core.os.TraceCompat:
    private static long sTraceTagApp
    private static java.lang.reflect.Method sIsTagEnabledMethod
    private static java.lang.reflect.Method sAsyncTraceBeginMethod
    private static java.lang.reflect.Method sAsyncTraceEndMethod
    private static java.lang.reflect.Method sTraceCounterMethod
enx_rtc_android.Controller.EnxRoom$59$1:
    final synthetic enx_rtc_android.Controller.EnxRoom$59 this$1
androidx.appcompat.app.AlertController$AlertParams:
    public boolean mRecycleOnMeasure